#
# There is insufficient memory for the Java Runtime Environment to continue.
# Native memory allocation (mmap) failed to map 65536 bytes for Failed to commit metaspace.
# Possible reasons:
#   The system is out of physical RAM or swap space
#   The process is running with CompressedOops enabled, and the Java Heap may be blocking the growth of the native heap
# Possible solutions:
#   Reduce memory load on the system
#   Increase physical memory or swap space
#   Check if swap backing store is full
#   Decrease Java heap size (-Xmx/-Xms)
#   Decrease number of Java threads
#   Decrease Java thread stack sizes (-Xss)
#   Set larger code cache with -XX:ReservedCodeCacheSize=
#   JVM is running with Zero Based Compressed Oops mode in which the Java heap is
#     placed in the first 32GB address space. The Java Heap base address is the
#     maximum limit for the native heap growth. Please use -XX:HeapBaseMinAddress
#     to set the Java Heap base and to place the Java Heap above 32GB virtual address.
# This output file may be truncated or incomplete.
#
#  Out of Memory Error (virtualSpaceNode.cpp:112), pid=2192, tid=14200
#
# JRE version: Java(TM) SE Runtime Environment (21.0.3+7) (build 21.0.3+7-LTS-152)
# Java VM: Java HotSpot(TM) 64-Bit Server VM (21.0.3+7-LTS-152, mixed mode, sharing, tiered, compressed oops, compressed class ptrs, g1 gc, windows-amd64)
# No core dump will be written. Minidumps are not enabled by default on client versions of Windows
#

---------------  S U M M A R Y ------------

Command Line: -Dclassworlds.conf=C:\Program Files\Maven\apache-maven-3.9.9\bin\m2.conf -Dmaven.home=C:\Program Files\Maven\apache-maven-3.9.9 -Dlibrary.jansi.path=C:\Program Files\Maven\apache-maven-3.9.9\lib\jansi-native -Dmaven.multiModuleProjectDirectory=C:\Users\JAN\Downloads\backend org.codehaus.plexus.classworlds.launcher.Launcher test -X

Host: Intel(R) Core(TM) i3-10100T CPU @ 3.00GHz, 8 cores, 11G,  Windows 11 , 64 bit Build 22621 (10.0.22621.4391)
Time: Sat Nov 16 01:32:26 2024 Hora est. Pacífico, Sudamérica elapsed time: 0.227017 seconds (0d 0h 0m 0s)

---------------  T H R E A D  ---------------

Current thread (0x000002233f47d020):  JavaThread "main"             [_thread_in_vm, id=14200, stack(0x000000bc91200000,0x000000bc91300000) (1024K)]

Stack: [0x000000bc91200000,0x000000bc91300000]
Native frames: (J=compiled Java code, j=interpreted, Vv=VM code, C=native code)
V  [jvm.dll+0x6c63b9]
V  [jvm.dll+0x84fa11]
V  [jvm.dll+0x851f3e]
V  [jvm.dll+0x852613]
V  [jvm.dll+0x27cd46]
V  [jvm.dll+0x84b63e]
V  [jvm.dll+0x66a1b5]
V  [jvm.dll+0x1e399c]
V  [jvm.dll+0x1e376e]
V  [jvm.dll+0x66cae3]
V  [jvm.dll+0x66c902]
V  [jvm.dll+0x66ab8e]
V  [jvm.dll+0x2672ef]
V  [jvm.dll+0x674f05]
V  [jvm.dll+0x214671]
V  [jvm.dll+0x214afa]
V  [jvm.dll+0x215521]
V  [jvm.dll+0x20a9be]
V  [jvm.dll+0x5a969c]
V  [jvm.dll+0x7c9e66]
V  [jvm.dll+0x46d4d0]
V  [jvm.dll+0x473328]
C  [java.dll+0x17ec]

Java frames: (J=compiled Java code, j=interpreted, Vv=VM code)
j  java.lang.ClassLoader.defineClass1(Ljava/lang/ClassLoader;Ljava/lang/String;[BIILjava/security/ProtectionDomain;Ljava/lang/String;)Ljava/lang/Class;+0 java.base@21.0.3
j  java.lang.ClassLoader.defineClass(Ljava/lang/String;[BIILjava/security/ProtectionDomain;)Ljava/lang/Class;+27 java.base@21.0.3
j  java.security.SecureClassLoader.defineClass(Ljava/lang/String;[BIILjava/security/CodeSource;)Ljava/lang/Class;+12 java.base@21.0.3
j  java.net.URLClassLoader.defineClass(Ljava/lang/String;Ljdk/internal/loader/Resource;)Ljava/lang/Class;+220 java.base@21.0.3
j  java.net.URLClassLoader$1.run()Ljava/lang/Class;+43 java.base@21.0.3
j  java.net.URLClassLoader$1.run()Ljava/lang/Object;+1 java.base@21.0.3
j  java.security.AccessController.executePrivileged(Ljava/security/PrivilegedExceptionAction;Ljava/security/AccessControlContext;Ljava/lang/Class;)Ljava/lang/Object;+29 java.base@21.0.3
j  java.security.AccessController.doPrivileged(Ljava/security/PrivilegedExceptionAction;Ljava/security/AccessControlContext;)Ljava/lang/Object;+13 java.base@21.0.3
j  java.net.URLClassLoader.findClass(Ljava/lang/String;)Ljava/lang/Class;+13 java.base@21.0.3
j  org.codehaus.plexus.classworlds.realm.ClassRealm.findClassInternal(Ljava/lang/String;)Ljava/lang/Class;+2
j  org.codehaus.plexus.classworlds.realm.ClassRealm.loadClassFromSelf(Ljava/lang/String;)Ljava/lang/Class;+20
j  org.codehaus.plexus.classworlds.strategy.SelfFirstStrategy.loadClass(Ljava/lang/String;)Ljava/lang/Class;+18
j  org.codehaus.plexus.classworlds.realm.ClassRealm.unsynchronizedLoadClass(Ljava/lang/String;Z)Ljava/lang/Class;+13
j  org.codehaus.plexus.classworlds.realm.ClassRealm.loadClass(Ljava/lang/String;Z)Ljava/lang/Class;+9
j  org.codehaus.plexus.classworlds.realm.ClassRealm.loadClass(Ljava/lang/String;)Ljava/lang/Class;+3
v  ~StubRoutines::call_stub 0x0000022350f3100d
j  org.codehaus.plexus.util.xml.Xpp3DomBuilder.build(Ljava/io/Reader;ZLorg/codehaus/plexus/util/xml/Xpp3DomBuilder$InputLocationBuilder;)Lorg/codehaus/plexus/util/xml/Xpp3Dom;+0
j  org.codehaus.plexus.util.xml.Xpp3DomBuilder.build(Ljava/io/Reader;Lorg/codehaus/plexus/util/xml/Xpp3DomBuilder$InputLocationBuilder;)Lorg/codehaus/plexus/util/xml/Xpp3Dom;+3
j  org.codehaus.plexus.util.xml.Xpp3DomBuilder.build(Ljava/io/Reader;)Lorg/codehaus/plexus/util/xml/Xpp3Dom;+2
j  org.apache.maven.project.ExtensionDescriptorBuilder.build(Ljava/io/InputStream;)Lorg/apache/maven/project/ExtensionDescriptor;+12
j  org.apache.maven.extension.internal.CoreExtensionEntry.discoverFrom(Lorg/codehaus/plexus/classworlds/realm/ClassRealm;)Lorg/apache/maven/extension/internal/CoreExtensionEntry;+55
j  org.apache.maven.cli.MavenCli.container(Lorg/apache/maven/cli/CliRequest;)Lorg/codehaus/plexus/PlexusContainer;+70
j  org.apache.maven.cli.MavenCli.doMain(Lorg/apache/maven/cli/CliRequest;)I+34
j  org.apache.maven.cli.MavenCli.main([Ljava/lang/String;Lorg/codehaus/plexus/classworlds/ClassWorld;)I+24
j  java.lang.invoke.DirectMethodHandle$Holder.invokeStatic(Ljava/lang/Object;Ljava/lang/Object;Ljava/lang/Object;)I+11 java.base@21.0.3
j  java.lang.invoke.LambdaForm$MH+0x0000022361009400.invoke(Ljava/lang/Object;Ljava/lang/Object;Ljava/lang/Object;Ljava/lang/Object;)Ljava/lang/Object;+54 java.base@21.0.3
j  java.lang.invoke.LambdaForm$MH+0x0000022361009800.invokeExact_MT(Ljava/lang/Object;Ljava/lang/Object;Ljava/lang/Object;Ljava/lang/Object;Ljava/lang/Object;)Ljava/lang/Object;+22 java.base@21.0.3
j  jdk.internal.reflect.DirectMethodHandleAccessor.invokeImpl(Ljava/lang/Object;[Ljava/lang/Object;)Ljava/lang/Object;+72 java.base@21.0.3
j  jdk.internal.reflect.DirectMethodHandleAccessor.invoke(Ljava/lang/Object;[Ljava/lang/Object;)Ljava/lang/Object;+23 java.base@21.0.3
j  java.lang.reflect.Method.invoke(Ljava/lang/Object;[Ljava/lang/Object;)Ljava/lang/Object;+102 java.base@21.0.3
j  org.codehaus.plexus.classworlds.launcher.Launcher.launchEnhanced([Ljava/lang/String;)V+45
j  org.codehaus.plexus.classworlds.launcher.Launcher.launch([Ljava/lang/String;)V+2
j  org.codehaus.plexus.classworlds.launcher.Launcher.mainWithExitCode([Ljava/lang/String;)I+108
j  org.codehaus.plexus.classworlds.launcher.Launcher.main([Ljava/lang/String;)V+1
v  ~StubRoutines::call_stub 0x0000022350f3100d

---------------  P R O C E S S  ---------------

Threads class SMR info:
_java_thread_list=0x000002235f6d6010, length=11, elements={
0x000002233f47d020, 0x000002235f260d90, 0x000002235f261cb0, 0x000002235f266da0,
0x000002235f267800, 0x000002235f2684e0, 0x000002235f268f40, 0x000002235f26bce0,
0x000002235f27d4e0, 0x000002235f508e10, 0x000002235f50e080
}

Java Threads: ( => current thread )
=>0x000002233f47d020 JavaThread "main"                              [_thread_in_vm, id=14200, stack(0x000000bc91200000,0x000000bc91300000) (1024K)]
  0x000002235f260d90 JavaThread "Reference Handler"          daemon [_thread_blocked, id=3744, stack(0x000000bc91a00000,0x000000bc91b00000) (1024K)]
  0x000002235f261cb0 JavaThread "Finalizer"                  daemon [_thread_blocked, id=7924, stack(0x000000bc91b00000,0x000000bc91c00000) (1024K)]
  0x000002235f266da0 JavaThread "Signal Dispatcher"          daemon [_thread_blocked, id=13728, stack(0x000000bc91c00000,0x000000bc91d00000) (1024K)]
  0x000002235f267800 JavaThread "Attach Listener"            daemon [_thread_blocked, id=13764, stack(0x000000bc91d00000,0x000000bc91e00000) (1024K)]
  0x000002235f2684e0 JavaThread "Service Thread"             daemon [_thread_blocked, id=15236, stack(0x000000bc91e00000,0x000000bc91f00000) (1024K)]
  0x000002235f268f40 JavaThread "Monitor Deflation Thread"   daemon [_thread_blocked, id=20240, stack(0x000000bc91f00000,0x000000bc92000000) (1024K)]
  0x000002235f26bce0 JavaThread "C2 CompilerThread0"         daemon [_thread_blocked, id=6548, stack(0x000000bc92000000,0x000000bc92100000) (1024K)]
  0x000002235f27d4e0 JavaThread "C1 CompilerThread0"         daemon [_thread_blocked, id=15736, stack(0x000000bc92100000,0x000000bc92200000) (1024K)]
  0x000002235f508e10 JavaThread "Notification Thread"        daemon [_thread_blocked, id=15724, stack(0x000000bc92200000,0x000000bc92300000) (1024K)]
  0x000002235f50e080 JavaThread "Common-Cleaner"             daemon [_thread_blocked, id=1668, stack(0x000000bc92300000,0x000000bc92400000) (1024K)]
Total: 11

Other Threads:
  0x000002235f244670 VMThread "VM Thread"                           [id=19516, stack(0x000000bc91900000,0x000000bc91a00000) (1024K)]
  0x000002235f228650 WatcherThread "VM Periodic Task Thread"        [id=9584, stack(0x000000bc91800000,0x000000bc91900000) (1024K)]
  0x00000223415db420 WorkerThread "GC Thread#0"                     [id=16744, stack(0x000000bc91300000,0x000000bc91400000) (1024K)]
  0x00000223415e9bf0 ConcurrentGCThread "G1 Main Marker"            [id=15216, stack(0x000000bc91400000,0x000000bc91500000) (1024K)]
  0x00000223415eada0 WorkerThread "G1 Conc#0"                       [id=9580, stack(0x000000bc91500000,0x000000bc91600000) (1024K)]
  0x000002235f1024c0 ConcurrentGCThread "G1 Refine#0"               [id=12988, stack(0x000000bc91600000,0x000000bc91700000) (1024K)]
  0x0000022341645d20 ConcurrentGCThread "G1 Service"                [id=4972, stack(0x000000bc91700000,0x000000bc91800000) (1024K)]
Total: 7

Threads with active compile tasks:
Total: 0

VM state: not at safepoint (normal execution)

VM Mutex/Monitor currently owned by a thread:  ([mutex/lock_event])
[0x00007ffef6c00d28] Metaspace_lock - owner thread: 0x000002233f47d020

Heap address: 0x0000000742e00000, size: 3026 MB, Compressed Oops mode: Zero based, Oop shift amount: 3

CDS archive(s) mapped at: [0x0000022360000000-0x0000022360c90000-0x0000022360c90000), size 13172736, SharedBaseAddress: 0x0000022360000000, ArchiveRelocationMode: 1.
Compressed class space mapped at: 0x0000022361000000-0x00000223a1000000, reserved size: 1073741824
Narrow klass base: 0x0000022360000000, Narrow klass shift: 0, Narrow klass range: 0x100000000

GC Precious Log:
 CardTable entry size: 512
 Card Set container configuration: InlinePtr #cards 4 size 8 Array Of Cards #cards 16 size 48 Howl #buckets 8 coarsen threshold 3686 Howl Bitmap #cards 512 size 80 coarsen threshold 460 Card regions per heap region 1 cards per card region 4096
 CPUs: 8 total, 8 available
 Memory: 12099M
 Large Page Support: Disabled
 NUMA Support: Disabled
 Compressed Oops: Enabled (Zero based)
 Heap Region Size: 2M
 Heap Min Capacity: 8M
 Heap Initial Capacity: 190M
 Heap Max Capacity: 3026M
 Pre-touch: Disabled
 Parallel Workers: 8
 Concurrent Workers: 2
 Concurrent Refinement Workers: 8
 Periodic GC: Disabled

Heap:
 garbage-first heap   total 194560K, used 6144K [0x0000000742e00000, 0x0000000800000000)
  region size 2048K, 4 young (8192K), 0 survivors (0K)
 Metaspace       used 2160K, committed 2240K, reserved 1114112K
  class space    used 207K, committed 256K, reserved 1048576K

Heap Regions: E=young(eden), S=young(survivor), O=old, HS=humongous(starts), HC=humongous(continues), CS=collection set, F=free, TAMS=top-at-mark-start, PB=parsable bottom
|   0|0x0000000742e00000, 0x0000000742e00000, 0x0000000743000000|  0%| F|  |TAMS 0x0000000742e00000| PB 0x0000000742e00000| Untracked 
|   1|0x0000000743000000, 0x0000000743000000, 0x0000000743200000|  0%| F|  |TAMS 0x0000000743000000| PB 0x0000000743000000| Untracked 
|   2|0x0000000743200000, 0x0000000743200000, 0x0000000743400000|  0%| F|  |TAMS 0x0000000743200000| PB 0x0000000743200000| Untracked 
|   3|0x0000000743400000, 0x0000000743400000, 0x0000000743600000|  0%| F|  |TAMS 0x0000000743400000| PB 0x0000000743400000| Untracked 
|   4|0x0000000743600000, 0x0000000743600000, 0x0000000743800000|  0%| F|  |TAMS 0x0000000743600000| PB 0x0000000743600000| Untracked 
|   5|0x0000000743800000, 0x0000000743800000, 0x0000000743a00000|  0%| F|  |TAMS 0x0000000743800000| PB 0x0000000743800000| Untracked 
|   6|0x0000000743a00000, 0x0000000743a00000, 0x0000000743c00000|  0%| F|  |TAMS 0x0000000743a00000| PB 0x0000000743a00000| Untracked 
|   7|0x0000000743c00000, 0x0000000743c00000, 0x0000000743e00000|  0%| F|  |TAMS 0x0000000743c00000| PB 0x0000000743c00000| Untracked 
|   8|0x0000000743e00000, 0x0000000743e00000, 0x0000000744000000|  0%| F|  |TAMS 0x0000000743e00000| PB 0x0000000743e00000| Untracked 
|   9|0x0000000744000000, 0x0000000744000000, 0x0000000744200000|  0%| F|  |TAMS 0x0000000744000000| PB 0x0000000744000000| Untracked 
|  10|0x0000000744200000, 0x0000000744200000, 0x0000000744400000|  0%| F|  |TAMS 0x0000000744200000| PB 0x0000000744200000| Untracked 
|  11|0x0000000744400000, 0x0000000744400000, 0x0000000744600000|  0%| F|  |TAMS 0x0000000744400000| PB 0x0000000744400000| Untracked 
|  12|0x0000000744600000, 0x0000000744600000, 0x0000000744800000|  0%| F|  |TAMS 0x0000000744600000| PB 0x0000000744600000| Untracked 
|  13|0x0000000744800000, 0x0000000744800000, 0x0000000744a00000|  0%| F|  |TAMS 0x0000000744800000| PB 0x0000000744800000| Untracked 
|  14|0x0000000744a00000, 0x0000000744a00000, 0x0000000744c00000|  0%| F|  |TAMS 0x0000000744a00000| PB 0x0000000744a00000| Untracked 
|  15|0x0000000744c00000, 0x0000000744c00000, 0x0000000744e00000|  0%| F|  |TAMS 0x0000000744c00000| PB 0x0000000744c00000| Untracked 
|  16|0x0000000744e00000, 0x0000000744e00000, 0x0000000745000000|  0%| F|  |TAMS 0x0000000744e00000| PB 0x0000000744e00000| Untracked 
|  17|0x0000000745000000, 0x0000000745000000, 0x0000000745200000|  0%| F|  |TAMS 0x0000000745000000| PB 0x0000000745000000| Untracked 
|  18|0x0000000745200000, 0x0000000745200000, 0x0000000745400000|  0%| F|  |TAMS 0x0000000745200000| PB 0x0000000745200000| Untracked 
|  19|0x0000000745400000, 0x0000000745400000, 0x0000000745600000|  0%| F|  |TAMS 0x0000000745400000| PB 0x0000000745400000| Untracked 
|  20|0x0000000745600000, 0x0000000745600000, 0x0000000745800000|  0%| F|  |TAMS 0x0000000745600000| PB 0x0000000745600000| Untracked 
|  21|0x0000000745800000, 0x0000000745800000, 0x0000000745a00000|  0%| F|  |TAMS 0x0000000745800000| PB 0x0000000745800000| Untracked 
|  22|0x0000000745a00000, 0x0000000745a00000, 0x0000000745c00000|  0%| F|  |TAMS 0x0000000745a00000| PB 0x0000000745a00000| Untracked 
|  23|0x0000000745c00000, 0x0000000745c00000, 0x0000000745e00000|  0%| F|  |TAMS 0x0000000745c00000| PB 0x0000000745c00000| Untracked 
|  24|0x0000000745e00000, 0x0000000745e00000, 0x0000000746000000|  0%| F|  |TAMS 0x0000000745e00000| PB 0x0000000745e00000| Untracked 
|  25|0x0000000746000000, 0x0000000746000000, 0x0000000746200000|  0%| F|  |TAMS 0x0000000746000000| PB 0x0000000746000000| Untracked 
|  26|0x0000000746200000, 0x0000000746200000, 0x0000000746400000|  0%| F|  |TAMS 0x0000000746200000| PB 0x0000000746200000| Untracked 
|  27|0x0000000746400000, 0x0000000746400000, 0x0000000746600000|  0%| F|  |TAMS 0x0000000746400000| PB 0x0000000746400000| Untracked 
|  28|0x0000000746600000, 0x0000000746600000, 0x0000000746800000|  0%| F|  |TAMS 0x0000000746600000| PB 0x0000000746600000| Untracked 
|  29|0x0000000746800000, 0x0000000746800000, 0x0000000746a00000|  0%| F|  |TAMS 0x0000000746800000| PB 0x0000000746800000| Untracked 
|  30|0x0000000746a00000, 0x0000000746a00000, 0x0000000746c00000|  0%| F|  |TAMS 0x0000000746a00000| PB 0x0000000746a00000| Untracked 
|  31|0x0000000746c00000, 0x0000000746c00000, 0x0000000746e00000|  0%| F|  |TAMS 0x0000000746c00000| PB 0x0000000746c00000| Untracked 
|  32|0x0000000746e00000, 0x0000000746e00000, 0x0000000747000000|  0%| F|  |TAMS 0x0000000746e00000| PB 0x0000000746e00000| Untracked 
|  33|0x0000000747000000, 0x0000000747000000, 0x0000000747200000|  0%| F|  |TAMS 0x0000000747000000| PB 0x0000000747000000| Untracked 
|  34|0x0000000747200000, 0x0000000747200000, 0x0000000747400000|  0%| F|  |TAMS 0x0000000747200000| PB 0x0000000747200000| Untracked 
|  35|0x0000000747400000, 0x0000000747400000, 0x0000000747600000|  0%| F|  |TAMS 0x0000000747400000| PB 0x0000000747400000| Untracked 
|  36|0x0000000747600000, 0x0000000747600000, 0x0000000747800000|  0%| F|  |TAMS 0x0000000747600000| PB 0x0000000747600000| Untracked 
|  37|0x0000000747800000, 0x0000000747800000, 0x0000000747a00000|  0%| F|  |TAMS 0x0000000747800000| PB 0x0000000747800000| Untracked 
|  38|0x0000000747a00000, 0x0000000747a00000, 0x0000000747c00000|  0%| F|  |TAMS 0x0000000747a00000| PB 0x0000000747a00000| Untracked 
|  39|0x0000000747c00000, 0x0000000747c00000, 0x0000000747e00000|  0%| F|  |TAMS 0x0000000747c00000| PB 0x0000000747c00000| Untracked 
|  40|0x0000000747e00000, 0x0000000747e00000, 0x0000000748000000|  0%| F|  |TAMS 0x0000000747e00000| PB 0x0000000747e00000| Untracked 
|  41|0x0000000748000000, 0x0000000748000000, 0x0000000748200000|  0%| F|  |TAMS 0x0000000748000000| PB 0x0000000748000000| Untracked 
|  42|0x0000000748200000, 0x0000000748200000, 0x0000000748400000|  0%| F|  |TAMS 0x0000000748200000| PB 0x0000000748200000| Untracked 
|  43|0x0000000748400000, 0x0000000748400000, 0x0000000748600000|  0%| F|  |TAMS 0x0000000748400000| PB 0x0000000748400000| Untracked 
|  44|0x0000000748600000, 0x0000000748600000, 0x0000000748800000|  0%| F|  |TAMS 0x0000000748600000| PB 0x0000000748600000| Untracked 
|  45|0x0000000748800000, 0x0000000748800000, 0x0000000748a00000|  0%| F|  |TAMS 0x0000000748800000| PB 0x0000000748800000| Untracked 
|  46|0x0000000748a00000, 0x0000000748a00000, 0x0000000748c00000|  0%| F|  |TAMS 0x0000000748a00000| PB 0x0000000748a00000| Untracked 
|  47|0x0000000748c00000, 0x0000000748c00000, 0x0000000748e00000|  0%| F|  |TAMS 0x0000000748c00000| PB 0x0000000748c00000| Untracked 
|  48|0x0000000748e00000, 0x0000000748e00000, 0x0000000749000000|  0%| F|  |TAMS 0x0000000748e00000| PB 0x0000000748e00000| Untracked 
|  49|0x0000000749000000, 0x0000000749000000, 0x0000000749200000|  0%| F|  |TAMS 0x0000000749000000| PB 0x0000000749000000| Untracked 
|  50|0x0000000749200000, 0x0000000749200000, 0x0000000749400000|  0%| F|  |TAMS 0x0000000749200000| PB 0x0000000749200000| Untracked 
|  51|0x0000000749400000, 0x0000000749400000, 0x0000000749600000|  0%| F|  |TAMS 0x0000000749400000| PB 0x0000000749400000| Untracked 
|  52|0x0000000749600000, 0x0000000749600000, 0x0000000749800000|  0%| F|  |TAMS 0x0000000749600000| PB 0x0000000749600000| Untracked 
|  53|0x0000000749800000, 0x0000000749800000, 0x0000000749a00000|  0%| F|  |TAMS 0x0000000749800000| PB 0x0000000749800000| Untracked 
|  54|0x0000000749a00000, 0x0000000749a00000, 0x0000000749c00000|  0%| F|  |TAMS 0x0000000749a00000| PB 0x0000000749a00000| Untracked 
|  55|0x0000000749c00000, 0x0000000749c00000, 0x0000000749e00000|  0%| F|  |TAMS 0x0000000749c00000| PB 0x0000000749c00000| Untracked 
|  56|0x0000000749e00000, 0x0000000749e00000, 0x000000074a000000|  0%| F|  |TAMS 0x0000000749e00000| PB 0x0000000749e00000| Untracked 
|  57|0x000000074a000000, 0x000000074a000000, 0x000000074a200000|  0%| F|  |TAMS 0x000000074a000000| PB 0x000000074a000000| Untracked 
|  58|0x000000074a200000, 0x000000074a200000, 0x000000074a400000|  0%| F|  |TAMS 0x000000074a200000| PB 0x000000074a200000| Untracked 
|  59|0x000000074a400000, 0x000000074a400000, 0x000000074a600000|  0%| F|  |TAMS 0x000000074a400000| PB 0x000000074a400000| Untracked 
|  60|0x000000074a600000, 0x000000074a600000, 0x000000074a800000|  0%| F|  |TAMS 0x000000074a600000| PB 0x000000074a600000| Untracked 
|  61|0x000000074a800000, 0x000000074a800000, 0x000000074aa00000|  0%| F|  |TAMS 0x000000074a800000| PB 0x000000074a800000| Untracked 
|  62|0x000000074aa00000, 0x000000074aa00000, 0x000000074ac00000|  0%| F|  |TAMS 0x000000074aa00000| PB 0x000000074aa00000| Untracked 
|  63|0x000000074ac00000, 0x000000074ac00000, 0x000000074ae00000|  0%| F|  |TAMS 0x000000074ac00000| PB 0x000000074ac00000| Untracked 
|  64|0x000000074ae00000, 0x000000074ae00000, 0x000000074b000000|  0%| F|  |TAMS 0x000000074ae00000| PB 0x000000074ae00000| Untracked 
|  65|0x000000074b000000, 0x000000074b000000, 0x000000074b200000|  0%| F|  |TAMS 0x000000074b000000| PB 0x000000074b000000| Untracked 
|  66|0x000000074b200000, 0x000000074b200000, 0x000000074b400000|  0%| F|  |TAMS 0x000000074b200000| PB 0x000000074b200000| Untracked 
|  67|0x000000074b400000, 0x000000074b400000, 0x000000074b600000|  0%| F|  |TAMS 0x000000074b400000| PB 0x000000074b400000| Untracked 
|  68|0x000000074b600000, 0x000000074b600000, 0x000000074b800000|  0%| F|  |TAMS 0x000000074b600000| PB 0x000000074b600000| Untracked 
|  69|0x000000074b800000, 0x000000074b800000, 0x000000074ba00000|  0%| F|  |TAMS 0x000000074b800000| PB 0x000000074b800000| Untracked 
|  70|0x000000074ba00000, 0x000000074ba00000, 0x000000074bc00000|  0%| F|  |TAMS 0x000000074ba00000| PB 0x000000074ba00000| Untracked 
|  71|0x000000074bc00000, 0x000000074bc00000, 0x000000074be00000|  0%| F|  |TAMS 0x000000074bc00000| PB 0x000000074bc00000| Untracked 
|  72|0x000000074be00000, 0x000000074be00000, 0x000000074c000000|  0%| F|  |TAMS 0x000000074be00000| PB 0x000000074be00000| Untracked 
|  73|0x000000074c000000, 0x000000074c000000, 0x000000074c200000|  0%| F|  |TAMS 0x000000074c000000| PB 0x000000074c000000| Untracked 
|  74|0x000000074c200000, 0x000000074c200000, 0x000000074c400000|  0%| F|  |TAMS 0x000000074c200000| PB 0x000000074c200000| Untracked 
|  75|0x000000074c400000, 0x000000074c400000, 0x000000074c600000|  0%| F|  |TAMS 0x000000074c400000| PB 0x000000074c400000| Untracked 
|  76|0x000000074c600000, 0x000000074c600000, 0x000000074c800000|  0%| F|  |TAMS 0x000000074c600000| PB 0x000000074c600000| Untracked 
|  77|0x000000074c800000, 0x000000074c800000, 0x000000074ca00000|  0%| F|  |TAMS 0x000000074c800000| PB 0x000000074c800000| Untracked 
|  78|0x000000074ca00000, 0x000000074ca00000, 0x000000074cc00000|  0%| F|  |TAMS 0x000000074ca00000| PB 0x000000074ca00000| Untracked 
|  79|0x000000074cc00000, 0x000000074cc00000, 0x000000074ce00000|  0%| F|  |TAMS 0x000000074cc00000| PB 0x000000074cc00000| Untracked 
|  80|0x000000074ce00000, 0x000000074ce00000, 0x000000074d000000|  0%| F|  |TAMS 0x000000074ce00000| PB 0x000000074ce00000| Untracked 
|  81|0x000000074d000000, 0x000000074d000000, 0x000000074d200000|  0%| F|  |TAMS 0x000000074d000000| PB 0x000000074d000000| Untracked 
|  82|0x000000074d200000, 0x000000074d200000, 0x000000074d400000|  0%| F|  |TAMS 0x000000074d200000| PB 0x000000074d200000| Untracked 
|  83|0x000000074d400000, 0x000000074d400000, 0x000000074d600000|  0%| F|  |TAMS 0x000000074d400000| PB 0x000000074d400000| Untracked 
|  84|0x000000074d600000, 0x000000074d600000, 0x000000074d800000|  0%| F|  |TAMS 0x000000074d600000| PB 0x000000074d600000| Untracked 
|  85|0x000000074d800000, 0x000000074d800000, 0x000000074da00000|  0%| F|  |TAMS 0x000000074d800000| PB 0x000000074d800000| Untracked 
|  86|0x000000074da00000, 0x000000074da00000, 0x000000074dc00000|  0%| F|  |TAMS 0x000000074da00000| PB 0x000000074da00000| Untracked 
|  87|0x000000074dc00000, 0x000000074dc00000, 0x000000074de00000|  0%| F|  |TAMS 0x000000074dc00000| PB 0x000000074dc00000| Untracked 
|  88|0x000000074de00000, 0x000000074de00000, 0x000000074e000000|  0%| F|  |TAMS 0x000000074de00000| PB 0x000000074de00000| Untracked 
|  89|0x000000074e000000, 0x000000074e000000, 0x000000074e200000|  0%| F|  |TAMS 0x000000074e000000| PB 0x000000074e000000| Untracked 
|  90|0x000000074e200000, 0x000000074e200000, 0x000000074e400000|  0%| F|  |TAMS 0x000000074e200000| PB 0x000000074e200000| Untracked 
|  91|0x000000074e400000, 0x000000074e5db5f8, 0x000000074e600000| 92%| E|  |TAMS 0x000000074e400000| PB 0x000000074e400000| Complete 
|  92|0x000000074e600000, 0x000000074e800000, 0x000000074e800000|100%| E|CS|TAMS 0x000000074e600000| PB 0x000000074e600000| Complete 
|  93|0x000000074e800000, 0x000000074ea00000, 0x000000074ea00000|100%| E|CS|TAMS 0x000000074e800000| PB 0x000000074e800000| Complete 
|  94|0x000000074ea00000, 0x000000074ec00000, 0x000000074ec00000|100%| E|CS|TAMS 0x000000074ea00000| PB 0x000000074ea00000| Complete 

Card table byte_map: [0x0000022359320000,0x0000022359910000] _byte_map_base: 0x0000022355909000

Marking Bits: (CMBitMap*) 0x00000223415dba30
 Bits: [0x0000022359910000, 0x000002235c858000)

Polling page: 0x000002233f700000

Metaspace:

Usage:
  Non-class:      1.91 MB used.
      Class:    207.62 KB used.
       Both:      2.11 MB used.

Virtual space:
  Non-class space:       64.00 MB reserved,       1.94 MB (  3%) committed,  1 nodes.
      Class space:        1.00 GB reserved,     256.00 KB ( <1%) committed,  1 nodes.
             Both:        1.06 GB reserved,       2.19 MB ( <1%) committed. 

Chunk freelists:
   Non-Class:  11.17 MB
       Class:  15.62 MB
        Both:  26.80 MB

MaxMetaspaceSize: unlimited
CompressedClassSpaceSize: 1.00 GB
Initial GC threshold: 21.00 MB
Current GC threshold: 21.00 MB
CDS: on
 - commit_granule_bytes: 65536.
 - commit_granule_words: 8192.
 - virtual_space_node_default_size: 8388608.
 - enlarge_chunks_in_place: 1.
 - use_allocation_guard: 0.


Internal statistics:

num_allocs_failed_limit: 0.
num_arena_births: 40.
num_arena_deaths: 0.
num_vsnodes_births: 2.
num_vsnodes_deaths: 0.
num_space_committed: 35.
num_space_uncommitted: 0.
num_chunks_returned_to_freelist: 0.
num_chunks_taken_from_freelist: 88.
num_chunk_merges: 0.
num_chunk_splits: 58.
num_chunks_enlarged: 44.
num_inconsistent_stats: 0.

CodeHeap 'non-profiled nmethods': size=120000Kb used=162Kb max_used=162Kb free=119838Kb
 bounds [0x00000223514d0000, 0x0000022351740000, 0x0000022358a00000]
CodeHeap 'profiled nmethods': size=120000Kb used=840Kb max_used=840Kb free=119159Kb
 bounds [0x0000022349a00000, 0x0000022349c70000, 0x0000022350f30000]
CodeHeap 'non-nmethods': size=5760Kb used=1305Kb max_used=1319Kb free=4454Kb
 bounds [0x0000022350f30000, 0x00000223511a0000, 0x00000223514d0000]
 total_blobs=939 nmethods=520 adapters=324
 compilation: enabled
              stopped_count=0, restarted_count=0
 full_count=0

Compilation events (20 events):
Event: 0.221 Thread 0x000002235f27d4e0  510       3       java.lang.String::getChars (55 bytes)
Event: 0.222 Thread 0x000002235f27d4e0 nmethod 510 0x0000022349acdd90 code [0x0000022349acdfc0, 0x0000022349ace6f8]
Event: 0.222 Thread 0x000002235f27d4e0  511       3       java.lang.StringLatin1::getChars (12 bytes)
Event: 0.222 Thread 0x000002235f27d4e0 nmethod 511 0x0000022349acea10 code [0x0000022349acebc0, 0x0000022349acece8]
Event: 0.222 Thread 0x000002235f27d4e0  512       3       java.lang.invoke.MemberName::isConstructor (8 bytes)
Event: 0.222 Thread 0x000002235f27d4e0 nmethod 512 0x0000022349aced90 code [0x0000022349acef40, 0x0000022349acf110]
Event: 0.222 Thread 0x000002235f27d4e0  513       1       java.lang.invoke.MethodHandles$Lookup::lookupClass (5 bytes)
Event: 0.222 Thread 0x000002235f27d4e0 nmethod 513 0x00000223514f7f10 code [0x00000223514f80a0, 0x00000223514f8170]
Event: 0.223 Thread 0x000002235f27d4e0  514       3       java.util.regex.Pattern::has (15 bytes)
Event: 0.223 Thread 0x000002235f27d4e0 nmethod 514 0x0000022349acf210 code [0x0000022349acf3a0, 0x0000022349acf508]
Event: 0.224 Thread 0x000002235f27d4e0  515  s    3       java.lang.Throwable::fillInStackTrace (29 bytes)
Event: 0.224 Thread 0x000002235f27d4e0 nmethod 515 0x0000022349acf590 code [0x0000022349acf740, 0x0000022349acfa48]
Event: 0.224 Thread 0x000002235f27d4e0  517   !   3       java.util.zip.InflaterInputStream::read (129 bytes)
Event: 0.224 Thread 0x000002235f27d4e0 nmethod 517 0x0000022349acfb10 code [0x0000022349acfde0, 0x0000022349ad0b70]
Event: 0.224 Thread 0x000002235f27d4e0  520       3       jdk.internal.loader.URLClassPath::getResource (74 bytes)
Event: 0.225 Thread 0x000002235f27d4e0 nmethod 520 0x0000022349ad1190 code [0x0000022349ad1360, 0x0000022349ad16b8]
Event: 0.225 Thread 0x000002235f27d4e0  518       3       java.util.zip.InflaterInputStream::ensureOpen (18 bytes)
Event: 0.225 Thread 0x000002235f27d4e0 nmethod 518 0x0000022349ad1810 code [0x0000022349ad19c0, 0x0000022349ad1be8]
Event: 0.225 Thread 0x000002235f27d4e0  519   !   3       java.util.zip.Inflater::finished (19 bytes)
Event: 0.225 Thread 0x000002235f27d4e0 nmethod 519 0x0000022349ad1d10 code [0x0000022349ad1ec0, 0x0000022349ad20c8]

GC Heap History (0 events):
No events

Dll operation events (8 events):
Event: 0.006 Loaded shared library C:\Program Files\Java\jdk-21\bin\java.dll
Event: 0.051 Loaded shared library C:\Program Files\Java\jdk-21\bin\jsvml.dll
Event: 0.065 Loaded shared library C:\Program Files\Java\jdk-21\bin\net.dll
Event: 0.066 Loaded shared library C:\Program Files\Java\jdk-21\bin\nio.dll
Event: 0.068 Loaded shared library C:\Program Files\Java\jdk-21\bin\zip.dll
Event: 0.163 Loaded shared library C:\Program Files\Java\jdk-21\bin\jimage.dll
Event: 0.166 Loaded shared library C:\Program Files\Maven\apache-maven-3.9.9\lib\jansi-native\Windows\x86_64\jansi.dll
Event: 0.177 Loaded shared library C:\Program Files\Java\jdk-21\bin\verify.dll

Deoptimization events (20 events):
Event: 0.120 Thread 0x000002233f47d020 Uncommon trap: trap_request=0xffffff45 fr.pc=0x00000223514ddaf0 relative=0x0000000000000150
Event: 0.120 Thread 0x000002233f47d020 Uncommon trap: reason=unstable_if action=reinterpret pc=0x00000223514ddaf0 method=java.lang.StringCoding.countPositives([BII)I @ 17 c2
Event: 0.120 Thread 0x000002233f47d020 DEOPT PACKING pc=0x00000223514ddaf0 sp=0x000000bc912fa740
Event: 0.120 Thread 0x000002233f47d020 DEOPT UNPACKING pc=0x0000022350f846a2 sp=0x000000bc912fa6e0 mode 2
Event: 0.123 Thread 0x000002233f47d020 DEOPT PACKING pc=0x0000022349a44b55 sp=0x000000bc912fa190
Event: 0.123 Thread 0x000002233f47d020 DEOPT UNPACKING pc=0x0000022350f84e42 sp=0x000000bc912f9600 mode 0
Event: 0.124 Thread 0x000002233f47d020 DEOPT PACKING pc=0x0000022349a44b55 sp=0x000000bc912fa190
Event: 0.124 Thread 0x000002233f47d020 DEOPT UNPACKING pc=0x0000022350f84e42 sp=0x000000bc912f9600 mode 0
Event: 0.125 Thread 0x000002233f47d020 DEOPT PACKING pc=0x0000022349a44b55 sp=0x000000bc912fa190
Event: 0.125 Thread 0x000002233f47d020 DEOPT UNPACKING pc=0x0000022350f84e42 sp=0x000000bc912f9600 mode 0
Event: 0.127 Thread 0x000002233f47d020 DEOPT PACKING pc=0x0000022349a44b55 sp=0x000000bc912fa190
Event: 0.128 Thread 0x000002233f47d020 DEOPT UNPACKING pc=0x0000022350f84e42 sp=0x000000bc912f9600 mode 0
Event: 0.129 Thread 0x000002233f47d020 DEOPT PACKING pc=0x0000022349a44b55 sp=0x000000bc912fa190
Event: 0.129 Thread 0x000002233f47d020 DEOPT UNPACKING pc=0x0000022350f84e42 sp=0x000000bc912f9600 mode 0
Event: 0.142 Thread 0x000002233f47d020 DEOPT PACKING pc=0x0000022349a44b55 sp=0x000000bc912fa5f0
Event: 0.142 Thread 0x000002233f47d020 DEOPT UNPACKING pc=0x0000022350f84e42 sp=0x000000bc912f9a60 mode 0
Event: 0.166 Thread 0x000002235f6be6c0 Uncommon trap: trap_request=0xffffff45 fr.pc=0x00000223514e6718 relative=0x0000000000000078
Event: 0.166 Thread 0x000002235f6be6c0 Uncommon trap: reason=unstable_if action=reinterpret pc=0x00000223514e6718 method=java.io.WinNTFileSystem.isSlash(C)Z @ 9 c2
Event: 0.166 Thread 0x000002235f6be6c0 DEOPT PACKING pc=0x00000223514e6718 sp=0x000000bc924fe900
Event: 0.166 Thread 0x000002235f6be6c0 DEOPT UNPACKING pc=0x0000022350f846a2 sp=0x000000bc924fe888 mode 2

Classes loaded (20 events):
Event: 0.198 Loading class java/net/URLClassLoader$3$1
Event: 0.198 Loading class java/net/URLClassLoader$3$1 done
Event: 0.201 Loading class java/util/LinkedHashMap$LinkedKeySet
Event: 0.201 Loading class java/util/LinkedHashMap$LinkedKeySet done
Event: 0.201 Loading class java/util/LinkedHashMap$LinkedKeyIterator
Event: 0.201 Loading class java/util/LinkedHashMap$LinkedKeyIterator done
Event: 0.206 Loading class jdk/internal/loader/URLClassPath$FileLoader$1
Event: 0.206 Loading class jdk/internal/loader/URLClassPath$FileLoader$1 done
Event: 0.208 Loading class java/lang/InstantiationException
Event: 0.208 Loading class java/lang/InstantiationException done
Event: 0.222 Loading class java/io/StringReader
Event: 0.222 Loading class java/io/StringReader done
Event: 0.222 Loading class java/util/regex/Pattern$BnM
Event: 0.222 Loading class java/util/regex/Pattern$BnM done
Event: 0.222 Loading class java/util/regex/Pattern$SliceS
Event: 0.222 Loading class java/util/regex/Pattern$SliceS done
Event: 0.223 Loading class java/text/MessageFormat
Event: 0.223 Loading class java/text/MessageFormat done
Event: 0.223 Loading class java/io/FileReader
Event: 0.223 Loading class java/io/FileReader done

Classes unloaded (0 events):
No events

Classes redefined (0 events):
No events

Internal exceptions (16 events):
Event: 0.092 Thread 0x000002233f47d020 Exception <a 'java/lang/NoSuchMethodError'{0x000000074e8d92c8}: 'int java.lang.invoke.DirectMethodHandle$Holder.invokeSpecial(java.lang.Object, java.lang.Object, java.lang.Object)'> (0x000000074e8d92c8) 
thrown [s\open\src\hotspot\share\interpreter\linkResolver.cpp, line 773]
Event: 0.152 Thread 0x000002233f47d020 Exception <a 'java/lang/NoSuchMethodError'{0x000000074e7101f8}: 'java.lang.Object java.lang.invoke.Invokers$Holder.invokeExact_MT(java.lang.Object, java.lang.Object, java.lang.Object, java.lang.Object, java.lang.Object)'> (0x000000074e7101f8) 
thrown [s\open\src\hotspot\share\interpreter\linkResolver.cpp, line 773]
Event: 0.160 Thread 0x000002233f47d020 Exception <a 'java/lang/NullPointerException'{0x000000074e76aa70}> (0x000000074e76aa70) 
thrown [s\open\src\hotspot\share\interpreter\linkResolver.cpp, line 1372]
Event: 0.169 Thread 0x000002233f47d020 Exception <a 'java/lang/NoSuchMethodError'{0x000000074e78fc40}: 'void java.lang.invoke.DirectMethodHandle$Holder.invokeStatic(java.lang.Object, long, java.lang.Object)'> (0x000000074e78fc40) 
thrown [s\open\src\hotspot\share\interpreter\linkResolver.cpp, line 773]
Event: 0.169 Thread 0x000002233f47d020 Exception <a 'java/lang/NoSuchMethodError'{0x000000074e7953e8}: 'java.lang.Object java.lang.invoke.DirectMethodHandle$Holder.newInvokeSpecial(java.lang.Object, long, java.lang.Object)'> (0x000000074e7953e8) 
thrown [s\open\src\hotspot\share\interpreter\linkResolver.cpp, line 773]
Event: 0.170 Thread 0x000002233f47d020 Exception <a 'java/lang/NullPointerException'{0x000000074e7a0d08}> (0x000000074e7a0d08) 
thrown [s\open\src\hotspot\share\interpreter\linkResolver.cpp, line 1372]
Event: 0.170 Thread 0x000002233f47d020 Exception <a 'java/lang/NullPointerException'{0x000000074e7a0fe8}> (0x000000074e7a0fe8) 
thrown [s\open\src\hotspot\share\interpreter\linkResolver.cpp, line 1372]
Event: 0.170 Thread 0x000002233f47d020 Exception <a 'java/lang/NullPointerException'{0x000000074e7a12c8}> (0x000000074e7a12c8) 
thrown [s\open\src\hotspot\share\interpreter\linkResolver.cpp, line 1372]
Event: 0.171 Thread 0x000002233f47d020 Exception <a 'java/lang/NullPointerException'{0x000000074e7a6d08}> (0x000000074e7a6d08) 
thrown [s\open\src\hotspot\share\interpreter\linkResolver.cpp, line 1372]
Event: 0.172 Thread 0x000002233f47d020 Exception <a 'java/lang/NullPointerException'{0x000000074e7b9f68}> (0x000000074e7b9f68) 
thrown [s\open\src\hotspot\share\interpreter\linkResolver.cpp, line 1372]
Event: 0.172 Thread 0x000002233f47d020 Exception <a 'java/lang/NullPointerException'{0x000000074e7ba248}> (0x000000074e7ba248) 
thrown [s\open\src\hotspot\share\interpreter\linkResolver.cpp, line 1372]
Event: 0.172 Thread 0x000002233f47d020 Exception <a 'java/lang/NullPointerException'{0x000000074e7ba528}> (0x000000074e7ba528) 
thrown [s\open\src\hotspot\share\interpreter\linkResolver.cpp, line 1372]
Event: 0.172 Thread 0x000002233f47d020 Exception <a 'java/lang/NullPointerException'{0x000000074e7ba808}> (0x000000074e7ba808) 
thrown [s\open\src\hotspot\share\interpreter\linkResolver.cpp, line 1372]
Event: 0.183 Thread 0x000002233f47d020 Exception <a 'java/lang/NoSuchMethodError'{0x000000074e464318}: 'void java.lang.invoke.DirectMethodHandle$Holder.invokeStatic(java.lang.Object, java.lang.Object)'> (0x000000074e464318) 
thrown [s\open\src\hotspot\share\interpreter\linkResolver.cpp, line 773]
Event: 0.184 Thread 0x000002233f47d020 Exception <a 'java/lang/NoSuchMethodError'{0x000000074e4676e8}: 'void java.lang.invoke.DirectMethodHandle$Holder.invokeStaticInit(java.lang.Object, java.lang.Object)'> (0x000000074e4676e8) 
thrown [s\open\src\hotspot\share\interpreter\linkResolver.cpp, line 773]
Event: 0.189 Thread 0x000002233f47d020 Exception <a 'java/lang/NoSuchMethodError'{0x000000074e49c830}: 'void java.lang.invoke.DirectMethodHandle$Holder.invokeStatic(java.lang.Object, java.lang.Object, java.lang.Object)'> (0x000000074e49c830) 
thrown [s\open\src\hotspot\share\interpreter\linkResolver.cpp, line 773]

ZGC Phase Switch (0 events):
No events

VM Operations (6 events):
Event: 0.069 Executing VM operation: HandshakeAllThreads (Deoptimize)
Event: 0.069 Executing VM operation: HandshakeAllThreads (Deoptimize) done
Event: 0.159 Executing VM operation: HandshakeAllThreads (Deoptimize)
Event: 0.159 Executing VM operation: HandshakeAllThreads (Deoptimize) done
Event: 0.166 Executing VM operation: HandshakeAllThreads (Deoptimize)
Event: 0.166 Executing VM operation: HandshakeAllThreads (Deoptimize) done

Events (13 events):
Event: 0.039 Thread 0x000002233f47d020 Thread added: 0x000002233f47d020
Event: 0.050 Thread 0x000002235f260d90 Thread added: 0x000002235f260d90
Event: 0.050 Thread 0x000002235f261cb0 Thread added: 0x000002235f261cb0
Event: 0.050 Thread 0x000002235f266da0 Thread added: 0x000002235f266da0
Event: 0.050 Thread 0x000002235f267800 Thread added: 0x000002235f267800
Event: 0.050 Thread 0x000002235f2684e0 Thread added: 0x000002235f2684e0
Event: 0.050 Thread 0x000002235f268f40 Thread added: 0x000002235f268f40
Event: 0.050 Thread 0x000002235f26bce0 Thread added: 0x000002235f26bce0
Event: 0.050 Thread 0x000002235f27d4e0 Thread added: 0x000002235f27d4e0
Event: 0.061 Thread 0x000002235f508e10 Thread added: 0x000002235f508e10
Event: 0.063 Thread 0x000002235f50e080 Thread added: 0x000002235f50e080
Event: 0.162 Thread 0x000002235f6be6c0 Thread added: 0x000002235f6be6c0
Event: 0.168 Thread 0x000002235f6be6c0 Thread exited: 0x000002235f6be6c0


Dynamic libraries:
0x00007ff64b630000 - 0x00007ff64b640000 	C:\Program Files\Java\jdk-21\bin\java.exe
0x00007fff3f710000 - 0x00007fff3f927000 	C:\WINDOWS\SYSTEM32\ntdll.dll
0x00007fff3ddf0000 - 0x00007fff3deb4000 	C:\WINDOWS\System32\KERNEL32.DLL
0x00007fff3cce0000 - 0x00007fff3d099000 	C:\WINDOWS\System32\KERNELBASE.dll
0x00007fff3d1f0000 - 0x00007fff3d301000 	C:\WINDOWS\System32\ucrtbase.dll
0x00007fff1f900000 - 0x00007fff1f91b000 	C:\Program Files\Java\jdk-21\bin\VCRUNTIME140.dll
0x00007fff16fc0000 - 0x00007fff16fd9000 	C:\Program Files\Java\jdk-21\bin\jli.dll
0x00007fff3d7f0000 - 0x00007fff3d8a2000 	C:\WINDOWS\System32\ADVAPI32.dll
0x00007fff3f2c0000 - 0x00007fff3f367000 	C:\WINDOWS\System32\msvcrt.dll
0x00007fff3e210000 - 0x00007fff3e2b7000 	C:\WINDOWS\System32\sechost.dll
0x00007fff3ccb0000 - 0x00007fff3ccd8000 	C:\WINDOWS\System32\bcrypt.dll
0x00007fff3f5b0000 - 0x00007fff3f6c4000 	C:\WINDOWS\System32\RPCRT4.dll
0x00007fff3f110000 - 0x00007fff3f2be000 	C:\WINDOWS\System32\USER32.dll
0x00007fff1f9e0000 - 0x00007fff1fc72000 	C:\WINDOWS\WinSxS\amd64_microsoft.windows.common-controls_6595b64144ccf1df_6.0.22621.4391_none_2715d37f73803e96\COMCTL32.dll
0x00007fff3d120000 - 0x00007fff3d146000 	C:\WINDOWS\System32\win32u.dll
0x00007fff3d7c0000 - 0x00007fff3d7e9000 	C:\WINDOWS\System32\GDI32.dll
0x00007fff3d310000 - 0x00007fff3d42b000 	C:\WINDOWS\System32\gdi32full.dll
0x00007fff3d150000 - 0x00007fff3d1ea000 	C:\WINDOWS\System32\msvcp_win.dll
0x00007fff34f10000 - 0x00007fff34f1a000 	C:\WINDOWS\SYSTEM32\VERSION.dll
0x00007fff3e1d0000 - 0x00007fff3e201000 	C:\WINDOWS\System32\IMM32.DLL
0x00007fff37120000 - 0x00007fff3712c000 	C:\Program Files\Java\jdk-21\bin\vcruntime140_1.dll
0x00007fff011b0000 - 0x00007fff0123e000 	C:\Program Files\Java\jdk-21\bin\msvcp140.dll
0x00007ffef5fd0000 - 0x00007ffef6cdd000 	C:\Program Files\Java\jdk-21\bin\server\jvm.dll
0x00007fff3e130000 - 0x00007fff3e1a1000 	C:\WINDOWS\System32\WS2_32.dll
0x00007fff3c8e0000 - 0x00007fff3c92d000 	C:\WINDOWS\SYSTEM32\POWRPROF.dll
0x00007fff368c0000 - 0x00007fff368f4000 	C:\WINDOWS\SYSTEM32\WINMM.dll
0x00007fff3c8c0000 - 0x00007fff3c8d3000 	C:\WINDOWS\SYSTEM32\UMPDC.dll
0x00007fff3ba50000 - 0x00007fff3ba68000 	C:\WINDOWS\SYSTEM32\kernel.appcore.dll
0x00007fff28780000 - 0x00007fff2878a000 	C:\Program Files\Java\jdk-21\bin\jimage.dll
0x00007fff3a290000 - 0x00007fff3a4c2000 	C:\WINDOWS\SYSTEM32\DBGHELP.DLL
0x00007fff3d430000 - 0x00007fff3d7bf000 	C:\WINDOWS\System32\combase.dll
0x00007fff3e740000 - 0x00007fff3e817000 	C:\WINDOWS\System32\OLEAUT32.dll
0x00007fff24e20000 - 0x00007fff24e52000 	C:\WINDOWS\SYSTEM32\dbgcore.DLL
0x00007fff3d0a0000 - 0x00007fff3d11b000 	C:\WINDOWS\System32\bcryptPrimitives.dll
0x00007fff16550000 - 0x00007fff1656f000 	C:\Program Files\Java\jdk-21\bin\java.dll
0x00007fff3e820000 - 0x00007fff3f096000 	C:\WINDOWS\System32\SHELL32.dll
0x00007fff3a950000 - 0x00007fff3b253000 	C:\WINDOWS\SYSTEM32\windows.storage.dll
0x00007fff3a810000 - 0x00007fff3a94f000 	C:\WINDOWS\SYSTEM32\wintypes.dll
0x00007fff3f470000 - 0x00007fff3f569000 	C:\WINDOWS\System32\SHCORE.dll
0x00007fff3db50000 - 0x00007fff3dbae000 	C:\WINDOWS\System32\shlwapi.dll
0x00007fff3c940000 - 0x00007fff3c96b000 	C:\WINDOWS\SYSTEM32\profapi.dll
0x00007ffef95f0000 - 0x00007ffef96c7000 	C:\Program Files\Java\jdk-21\bin\jsvml.dll
0x00007fff286e0000 - 0x00007fff286f0000 	C:\Program Files\Java\jdk-21\bin\net.dll
0x00007fff36b80000 - 0x00007fff36cb6000 	C:\WINDOWS\SYSTEM32\WINHTTP.dll
0x00007fff3bed0000 - 0x00007fff3bf39000 	C:\WINDOWS\system32\mswsock.dll
0x00007fff16400000 - 0x00007fff16416000 	C:\Program Files\Java\jdk-21\bin\nio.dll
0x00007fff15df0000 - 0x00007fff15e08000 	C:\Program Files\Java\jdk-21\bin\zip.dll
0x00007fff153c0000 - 0x00007fff153e4000 	C:\Program Files\Maven\apache-maven-3.9.9\lib\jansi-native\Windows\x86_64\jansi.dll
0x00007fff28670000 - 0x00007fff28680000 	C:\Program Files\Java\jdk-21\bin\verify.dll

dbghelp: loaded successfully - version: 4.0.5 - missing functions: none
symbol engine: initialized successfully - sym options: 0x614 - pdb path: .;C:\Program Files\Java\jdk-21\bin;C:\WINDOWS\SYSTEM32;C:\WINDOWS\WinSxS\amd64_microsoft.windows.common-controls_6595b64144ccf1df_6.0.22621.4391_none_2715d37f73803e96;C:\Program Files\Java\jdk-21\bin\server;C:\Program Files\Maven\apache-maven-3.9.9\lib\jansi-native\Windows\x86_64

VM Arguments:
jvm_args: -Dclassworlds.conf=C:\Program Files\Maven\apache-maven-3.9.9\bin\m2.conf -Dmaven.home=C:\Program Files\Maven\apache-maven-3.9.9 -Dlibrary.jansi.path=C:\Program Files\Maven\apache-maven-3.9.9\lib\jansi-native -Dmaven.multiModuleProjectDirectory=C:\Users\JAN\Downloads\backend 
java_command: org.codehaus.plexus.classworlds.launcher.Launcher test -X
java_class_path (initial): C:\Program Files\Maven\apache-maven-3.9.9\boot\plexus-classworlds-2.8.0.jar
Launcher Type: SUN_STANDARD

[Global flags]
     intx CICompilerCount                          = 4                                         {product} {ergonomic}
     uint ConcGCThreads                            = 2                                         {product} {ergonomic}
     uint G1ConcRefinementThreads                  = 8                                         {product} {ergonomic}
   size_t G1HeapRegionSize                         = 2097152                                   {product} {ergonomic}
    uintx GCDrainStackTargetSize                   = 64                                        {product} {ergonomic}
   size_t InitialHeapSize                          = 199229440                                 {product} {ergonomic}
   size_t MarkStackSize                            = 4194304                                   {product} {ergonomic}
   size_t MaxHeapSize                              = 3172990976                                {product} {ergonomic}
   size_t MaxNewSize                               = 1902116864                                {product} {ergonomic}
   size_t MinHeapDeltaBytes                        = 2097152                                   {product} {ergonomic}
   size_t MinHeapSize                              = 8388608                                   {product} {ergonomic}
    uintx NonNMethodCodeHeapSize                   = 5839372                                {pd product} {ergonomic}
    uintx NonProfiledCodeHeapSize                  = 122909434                              {pd product} {ergonomic}
    uintx ProfiledCodeHeapSize                     = 122909434                              {pd product} {ergonomic}
    uintx ReservedCodeCacheSize                    = 251658240                              {pd product} {ergonomic}
     bool SegmentedCodeCache                       = true                                      {product} {ergonomic}
   size_t SoftMaxHeapSize                          = 3172990976                             {manageable} {ergonomic}
     bool UseCompressedOops                        = true                           {product lp64_product} {ergonomic}
     bool UseG1GC                                  = true                                      {product} {ergonomic}
     bool UseLargePagesIndividualAllocation        = false                                  {pd product} {ergonomic}

Logging:
Log output configuration:
 #0: stdout all=warning uptime,level,tags foldmultilines=false
 #1: stderr all=off uptime,level,tags foldmultilines=false

Environment Variables:
PATH=C:\Program Files\Common Files\Oracle\Java\javapath;C:\Program Files\Eclipse Adoptium\jdk-17.0.8.101-hotspot\bin;C:\WINDOWS\system32;C:\WINDOWS;C:\WINDOWS\System32\Wbem;C:\WINDOWS\System32\WindowsPowerShell\v1.0\;C:\WINDOWS\System32\OpenSSH\;C:\Program Files (x86)\Microsoft SQL Server\160\Tools\Binn\;C:\Program Files\Microsoft SQL Server\160\Tools\Binn\;C:\Program Files\Microsoft SQL Server\Client SDK\ODBC\170\Tools\Binn\;C:\Program Files\Microsoft SQL Server\160\DTS\Binn\;C:\Program Files\Azure Data Studio\bin;C:\Program Files\Git\cmd;C:\Program Files\Amazon\AWSCLIV2\;C:\Program Files\Maven\apache-maven-3.9.9\bin;C:\Program Files\nodejs\;C:\Users\JAN\AppData\Local\Microsoft\WindowsApps;C:\Users\JAN\AppData\Local\Programs\Microsoft VS Code\bin;C:\Program Files\Azure Data Studio\bin;C:\Users\JAN\AppData\Local\Programs\oh-my-posh\bin;C:\PHP;C:\Program Files\heroku\bin;C:\Users\JAN\AppData\Roaming\npm
USERNAME=JAN
OS=Windows_NT
PROCESSOR_IDENTIFIER=Intel64 Family 6 Model 165 Stepping 3, GenuineIntel
TMP=C:\Users\JAN\AppData\Local\Temp
TEMP=C:\Users\JAN\AppData\Local\Temp




Periodic native trim disabled

---------------  S Y S T E M  ---------------

OS:
 Windows 11 , 64 bit Build 22621 (10.0.22621.4391)
OS uptime: 0 days 14:58 hours

CPU: total 8 (initial active 8) (4 cores per cpu, 2 threads per core) family 6 model 165 stepping 3 microcode 0xe0, cx8, cmov, fxsr, ht, mmx, 3dnowpref, sse, sse2, sse3, ssse3, sse4.1, sse4.2, popcnt, lzcnt, tsc, tscinvbit, avx, avx2, aes, erms, clmul, bmi1, bmi2, adx, fma, vzeroupper, clflush, clflushopt, rdtscp, f16c
Processor Information for all 8 processors :
  Max Mhz: 2901, Current Mhz: 2901, Mhz Limit: 2901

Memory: 4k page, system-wide physical 12099M (1569M free)
TotalPageFile size 24387M (AvailPageFile size 3M)
current process WorkingSet (physical memory assigned to process): 49M, peak: 49M
current process commit charge ("private bytes"): 278M, peak: 278M

vm_info: Java HotSpot(TM) 64-Bit Server VM (21.0.3+7-LTS-152) for windows-amd64 JRE (21.0.3+7-LTS-152), built on 2024-03-11T17:42:26Z by "mach5one" with MS VC++ 17.6 (VS2022)

END.
