#
# There is insufficient memory for the Java Runtime Environment to continue.
# Native memory allocation (mmap) failed to map 199229440 bytes for G1 virtual space
# Possible reasons:
#   The system is out of physical RAM or swap space
#   The process is running with CompressedOops enabled, and the Java Heap may be blocking the growth of the native heap
# Possible solutions:
#   Reduce memory load on the system
#   Increase physical memory or swap space
#   Check if swap backing store is full
#   Decrease Java heap size (-Xmx/-Xms)
#   Decrease number of Java threads
#   Decrease Java thread stack sizes (-Xss)
#   Set larger code cache with -XX:ReservedCodeCacheSize=
#   JVM is running with Zero Based Compressed Oops mode in which the Java heap is
#     placed in the first 32GB address space. The Java Heap base address is the
#     maximum limit for the native heap growth. Please use -XX:HeapBaseMinAddress
#     to set the Java Heap base and to place the Java Heap above 32GB virtual address.
# This output file may be truncated or incomplete.
#
#  Out of Memory Error (os_windows.cpp:3600), pid=16080, tid=12528
#
# JRE version:  (21.0.3+7) (build )
# Java VM: Java HotSpot(TM) 64-Bit Server VM (21.0.3+7-LTS-152, mixed mode, sharing, tiered, compressed oops, compressed class ptrs, g1 gc, windows-amd64)
# No core dump will be written. Minidumps are not enabled by default on client versions of Windows
#

---------------  S U M M A R Y ------------

Command Line: -javaagent:C:\\Users\\JAN\\.m2\\repository\\org\\jacoco\\org.jacoco.agent\\0.8.12\\org.jacoco.agent-0.8.12-runtime.jar=destfile=C:\\Users\\JAN\\Downloads\\backend\\target\\jacoco.exec C:\Users\JAN\AppData\Local\Temp\surefire6754389159695152180\surefirebooter-20241116012934917_3.jar C:\Users\JAN\AppData\Local\Temp\surefire6754389159695152180 2024-11-16T01-29-34_797-jvmRun1 surefire-20241116012934917_1tmp surefire_0-20241116012934917_2tmp

Host: Intel(R) Core(TM) i3-10100T CPU @ 3.00GHz, 8 cores, 11G,  Windows 11 , 64 bit Build 22621 (10.0.22621.4391)
Time: Sat Nov 16 01:29:35 2024 Hora est. Pacífico, Sudamérica elapsed time: 0.015490 seconds (0d 0h 0m 0s)

---------------  T H R E A D  ---------------

Current thread (0x0000014cdabf7f80):  JavaThread "Unknown thread" [_thread_in_vm, id=12528, stack(0x000000419b100000,0x000000419b200000) (1024K)]

Stack: [0x000000419b100000,0x000000419b200000]
Native frames: (J=compiled Java code, j=interpreted, Vv=VM code, C=native code)
V  [jvm.dll+0x6c63b9]
V  [jvm.dll+0x84fa11]
V  [jvm.dll+0x851f3e]
V  [jvm.dll+0x852613]
V  [jvm.dll+0x27cd46]
V  [jvm.dll+0x6c2b55]
V  [jvm.dll+0x6b76da]
V  [jvm.dll+0x35051a]
V  [jvm.dll+0x358176]
V  [jvm.dll+0x3aa84e]
V  [jvm.dll+0x3aaaf8]
V  [jvm.dll+0x32491c]
V  [jvm.dll+0x32547b]
V  [jvm.dll+0x818f69]
V  [jvm.dll+0x3b7771]
V  [jvm.dll+0x802358]
V  [jvm.dll+0x44c7ce]
V  [jvm.dll+0x44e2a1]
C  [jli.dll+0x52a3]
C  [ucrtbase.dll+0x29333]
C  [KERNEL32.DLL+0x1259d]
C  [ntdll.dll+0x5af38]


---------------  P R O C E S S  ---------------

Threads class SMR info:
_java_thread_list=0x00007ffef6b91b88, length=0, elements={
}

Java Threads: ( => current thread )
Total: 0

Other Threads:
  0x0000014cdac4c530 WorkerThread "GC Thread#0"                     [id=16076, stack(0x000000419b200000,0x000000419b300000) (1024K)]
  0x0000014cdac591e0 ConcurrentGCThread "G1 Main Marker"            [id=10100, stack(0x000000419b300000,0x000000419b400000) (1024K)]
  0x0000014cdac5a290 WorkerThread "G1 Conc#0"                       [id=3780, stack(0x000000419b400000,0x000000419b500000) (1024K)]

[error occurred during error reporting (printing all threads), id 0xc0000005, EXCEPTION_ACCESS_VIOLATION (0xc0000005) at pc=0x00007ffef6307077]
VM state: not at safepoint (not fully initialized)

VM Mutex/Monitor currently owned by a thread:  ([mutex/lock_event])
[0x00007ffef6c02ea8] Heap_lock - owner thread: 0x0000014cdabf7f80

Heap address: 0x0000000742e00000, size: 3026 MB, Compressed Oops mode: Zero based, Oop shift amount: 3

CDS archive(s) mapped at: [0x0000000000000000-0x0000000000000000-0x0000000000000000), size 0, SharedBaseAddress: 0x0000000800000000, ArchiveRelocationMode: 1.
Narrow klass base: 0x0000000000000000, Narrow klass shift: 0, Narrow klass range: 0x0

GC Precious Log:
 CardTable entry size: 512
 Card Set container configuration: InlinePtr #cards 4 size 8 Array Of Cards #cards 16 size 48 Howl #buckets 8 coarsen threshold 3686 Howl Bitmap #cards 512 size 80 coarsen threshold 460 Card regions per heap region 1 cards per card region 4096

Heap:
 garbage-first heap   total 0K, used 0K [0x0000000742e00000, 0x0000000800000000)
  region size 2048K, 0 young (0K), 0 survivors (0K)

[error occurred during error reporting (printing heap information), id 0xc0000005, EXCEPTION_ACCESS_VIOLATION (0xc0000005) at pc=0x00007ffef66ee669]
GC Heap History (0 events):
No events

Dll operation events (1 events):
Event: 0.011 Loaded shared library C:\Program Files\Java\jdk-21\bin\java.dll

Deoptimization events (0 events):
No events

Classes loaded (0 events):
No events

Classes unloaded (0 events):
No events

Classes redefined (0 events):
No events

Internal exceptions (0 events):
No events

ZGC Phase Switch (0 events):
No events

VM Operations (0 events):
No events

Events (0 events):
No events


Dynamic libraries:
0x00007ff64b630000 - 0x00007ff64b640000 	C:\Program Files\Java\jdk-21\bin\java.exe
0x00007fff3f710000 - 0x00007fff3f927000 	C:\WINDOWS\SYSTEM32\ntdll.dll
0x00007fff3ddf0000 - 0x00007fff3deb4000 	C:\WINDOWS\System32\KERNEL32.DLL
0x00007fff3cce0000 - 0x00007fff3d099000 	C:\WINDOWS\System32\KERNELBASE.dll
0x00007fff3d1f0000 - 0x00007fff3d301000 	C:\WINDOWS\System32\ucrtbase.dll
0x00007fff16400000 - 0x00007fff1641b000 	C:\Program Files\Java\jdk-21\bin\VCRUNTIME140.dll
0x00007fff15df0000 - 0x00007fff15e09000 	C:\Program Files\Java\jdk-21\bin\jli.dll
0x00007fff3d7f0000 - 0x00007fff3d8a2000 	C:\WINDOWS\System32\ADVAPI32.dll
0x00007fff3f2c0000 - 0x00007fff3f367000 	C:\WINDOWS\System32\msvcrt.dll
0x00007fff3e210000 - 0x00007fff3e2b7000 	C:\WINDOWS\System32\sechost.dll
0x00007fff3ccb0000 - 0x00007fff3ccd8000 	C:\WINDOWS\System32\bcrypt.dll
0x00007fff3f5b0000 - 0x00007fff3f6c4000 	C:\WINDOWS\System32\RPCRT4.dll
0x00007fff3f110000 - 0x00007fff3f2be000 	C:\WINDOWS\System32\USER32.dll
0x00007fff3d120000 - 0x00007fff3d146000 	C:\WINDOWS\System32\win32u.dll
0x00007fff1f9e0000 - 0x00007fff1fc72000 	C:\WINDOWS\WinSxS\amd64_microsoft.windows.common-controls_6595b64144ccf1df_6.0.22621.4391_none_2715d37f73803e96\COMCTL32.dll
0x00007fff3d7c0000 - 0x00007fff3d7e9000 	C:\WINDOWS\System32\GDI32.dll
0x00007fff3d310000 - 0x00007fff3d42b000 	C:\WINDOWS\System32\gdi32full.dll
0x00007fff3d150000 - 0x00007fff3d1ea000 	C:\WINDOWS\System32\msvcp_win.dll
0x00007fff34f10000 - 0x00007fff34f1a000 	C:\WINDOWS\SYSTEM32\VERSION.dll
0x00007fff3e1d0000 - 0x00007fff3e201000 	C:\WINDOWS\System32\IMM32.DLL
0x00007fff37120000 - 0x00007fff3712c000 	C:\Program Files\Java\jdk-21\bin\vcruntime140_1.dll
0x00007fff011b0000 - 0x00007fff0123e000 	C:\Program Files\Java\jdk-21\bin\msvcp140.dll
0x00007ffef5fd0000 - 0x00007ffef6cdd000 	C:\Program Files\Java\jdk-21\bin\server\jvm.dll
0x00007fff3e130000 - 0x00007fff3e1a1000 	C:\WINDOWS\System32\WS2_32.dll
0x00007fff3c8e0000 - 0x00007fff3c92d000 	C:\WINDOWS\SYSTEM32\POWRPROF.dll
0x00007fff368c0000 - 0x00007fff368f4000 	C:\WINDOWS\SYSTEM32\WINMM.dll
0x00007fff3c8c0000 - 0x00007fff3c8d3000 	C:\WINDOWS\SYSTEM32\UMPDC.dll
0x00007fff3ba50000 - 0x00007fff3ba68000 	C:\WINDOWS\SYSTEM32\kernel.appcore.dll
0x00007fff28780000 - 0x00007fff2878a000 	C:\Program Files\Java\jdk-21\bin\jimage.dll
0x00007fff3a290000 - 0x00007fff3a4c2000 	C:\WINDOWS\SYSTEM32\DBGHELP.DLL
0x00007fff3d430000 - 0x00007fff3d7bf000 	C:\WINDOWS\System32\combase.dll
0x00007fff3e740000 - 0x00007fff3e817000 	C:\WINDOWS\System32\OLEAUT32.dll
0x00007fff24e20000 - 0x00007fff24e52000 	C:\WINDOWS\SYSTEM32\dbgcore.DLL
0x00007fff3d0a0000 - 0x00007fff3d11b000 	C:\WINDOWS\System32\bcryptPrimitives.dll
0x00007fff27de0000 - 0x00007fff27def000 	C:\Program Files\Java\jdk-21\bin\instrument.dll
0x00007fff154b0000 - 0x00007fff154cf000 	C:\Program Files\Java\jdk-21\bin\java.dll

dbghelp: loaded successfully - version: 4.0.5 - missing functions: none
symbol engine: initialized successfully - sym options: 0x614 - pdb path: .;C:\Program Files\Java\jdk-21\bin;C:\WINDOWS\SYSTEM32;C:\WINDOWS\WinSxS\amd64_microsoft.windows.common-controls_6595b64144ccf1df_6.0.22621.4391_none_2715d37f73803e96;C:\Program Files\Java\jdk-21\bin\server

VM Arguments:
jvm_args: -javaagent:C:\\Users\\JAN\\.m2\\repository\\org\\jacoco\\org.jacoco.agent\\0.8.12\\org.jacoco.agent-0.8.12-runtime.jar=destfile=C:\\Users\\JAN\\Downloads\\backend\\target\\jacoco.exec 
java_command: C:\Users\JAN\AppData\Local\Temp\surefire6754389159695152180\surefirebooter-20241116012934917_3.jar C:\Users\JAN\AppData\Local\Temp\surefire6754389159695152180 2024-11-16T01-29-34_797-jvmRun1 surefire-20241116012934917_1tmp surefire_0-20241116012934917_2tmp
java_class_path (initial): C:\Users\JAN\AppData\Local\Temp\surefire6754389159695152180\surefirebooter-20241116012934917_3.jar
Launcher Type: SUN_STANDARD

[Global flags]
     intx CICompilerCount                          = 4                                         {product} {ergonomic}
     uint ConcGCThreads                            = 2                                         {product} {ergonomic}
     uint G1ConcRefinementThreads                  = 8                                         {product} {ergonomic}
   size_t G1HeapRegionSize                         = 2097152                                   {product} {ergonomic}
    uintx GCDrainStackTargetSize                   = 64                                        {product} {ergonomic}
   size_t InitialHeapSize                          = 199229440                                 {product} {ergonomic}
   size_t MarkStackSize                            = 4194304                                   {product} {ergonomic}
   size_t MaxHeapSize                              = 3172990976                                {product} {ergonomic}
   size_t MinHeapDeltaBytes                        = 2097152                                   {product} {ergonomic}
   size_t MinHeapSize                              = 8388608                                   {product} {ergonomic}
    uintx NonNMethodCodeHeapSize                   = 5839372                                {pd product} {ergonomic}
    uintx NonProfiledCodeHeapSize                  = 122909434                              {pd product} {ergonomic}
    uintx ProfiledCodeHeapSize                     = 122909434                              {pd product} {ergonomic}
    uintx ReservedCodeCacheSize                    = 251658240                              {pd product} {ergonomic}
     bool SegmentedCodeCache                       = true                                      {product} {ergonomic}
   size_t SoftMaxHeapSize                          = 3172990976                             {manageable} {ergonomic}
     bool UseCompressedOops                        = true                           {product lp64_product} {ergonomic}
     bool UseG1GC                                  = true                                      {product} {ergonomic}
     bool UseLargePagesIndividualAllocation        = false                                  {pd product} {ergonomic}

Logging:
Log output configuration:
 #0: stdout all=warning uptime,level,tags foldmultilines=false
 #1: stderr all=off uptime,level,tags foldmultilines=false

Environment Variables:
PATH=C:\Program Files\Common Files\Oracle\Java\javapath;C:\Program Files\Eclipse Adoptium\jdk-17.0.8.101-hotspot\bin;C:\WINDOWS\system32;C:\WINDOWS;C:\WINDOWS\System32\Wbem;C:\WINDOWS\System32\WindowsPowerShell\v1.0\;C:\WINDOWS\System32\OpenSSH\;C:\Program Files (x86)\Microsoft SQL Server\160\Tools\Binn\;C:\Program Files\Microsoft SQL Server\160\Tools\Binn\;C:\Program Files\Microsoft SQL Server\Client SDK\ODBC\170\Tools\Binn\;C:\Program Files\Microsoft SQL Server\160\DTS\Binn\;C:\Program Files\Azure Data Studio\bin;C:\Program Files\Git\cmd;C:\Program Files\Amazon\AWSCLIV2\;C:\Program Files\Maven\apache-maven-3.9.9\bin;C:\Program Files\nodejs\;C:\Users\JAN\AppData\Local\Microsoft\WindowsApps;C:\Users\JAN\AppData\Local\Programs\Microsoft VS Code\bin;C:\Program Files\Azure Data Studio\bin;C:\Users\JAN\AppData\Local\Programs\oh-my-posh\bin;C:\PHP;C:\Program Files\heroku\bin;C:\Users\JAN\AppData\Roaming\npm
USERNAME=JAN
OS=Windows_NT
PROCESSOR_IDENTIFIER=Intel64 Family 6 Model 165 Stepping 3, GenuineIntel
TMP=C:\Users\JAN\AppData\Local\Temp
TEMP=C:\Users\JAN\AppData\Local\Temp




Periodic native trim disabled

---------------  S Y S T E M  ---------------

OS:
 Windows 11 , 64 bit Build 22621 (10.0.22621.4391)
OS uptime: 0 days 14:55 hours

CPU: total 8 (initial active 8) (4 cores per cpu, 2 threads per core) family 6 model 165 stepping 3 microcode 0xe0, cx8, cmov, fxsr, ht, mmx, 3dnowpref, sse, sse2, sse3, ssse3, sse4.1, sse4.2, popcnt, lzcnt, tsc, tscinvbit, avx, avx2, aes, erms, clmul, bmi1, bmi2, adx, fma, vzeroupper, clflush, clflushopt, rdtscp, f16c
Processor Information for all 8 processors :
  Max Mhz: 2901, Current Mhz: 2901, Mhz Limit: 2901

Memory: 4k page, system-wide physical 12099M (1529M free)
TotalPageFile size 24378M (AvailPageFile size 135M)
current process WorkingSet (physical memory assigned to process): 11M, peak: 11M
current process commit charge ("private bytes"): 60M, peak: 250M

vm_info: Java HotSpot(TM) 64-Bit Server VM (21.0.3+7-LTS-152) for windows-amd64 JRE (21.0.3+7-LTS-152), built on 2024-03-11T17:42:26Z by "mach5one" with MS VC++ 17.6 (VS2022)

END.
